DEBUG:core.Logging.cardinalLogger:

        #######################
        # WELCOME TO CARDINAL #
        #######################

        booting now . . .

        # --- CARDINAL INFORMATIONS --- #
        - current Cardinal version: "Alpha 1.0"
        - author: "Kemono_BAT_4"
        - source code: "https://github.com/KemonoBAT4/cardinal-system"
        
        
DEBUG:core.Logging.cardinalLogger:

        #######################
        # WELCOME TO CARDINAL #
        #######################

        booting now . . .

        # --- CARDINAL INFORMATIONS --- #
        - current Cardinal version: "Alpha 1.0"
        - author: "Kemono_BAT_4"
        - source code: "https://github.com/KemonoBAT4/cardinal-system"
        
        
DEBUG:core.Logging.cardinalLogger:

        #######################
        # WELCOME TO CARDINAL #
        #######################

        booting now . . .

        # --- CARDINAL INFORMATIONS --- #
        - current Cardinal version: "Alpha 1.0"
        - author: "Kemono_BAT_4"
        - source code: "https://github.com/KemonoBAT4/cardinal-system"
        
        
DEBUG:core.Logging.cardinalLogger:

        #######################
        # WELCOME TO CARDINAL #
        #######################

        booting now . . .

        # --- CARDINAL INFORMATIONS --- #
        - current Cardinal version: "Alpha 1.0"
        - author: "Kemono_BAT_4"
        - source code: "https://github.com/KemonoBAT4/cardinal-system"
        
        
